Using pre-set license
Built from '2020.3/staging' branch; Version is '2020.3.25f1 (9b9180224418) revision 10195328'; Using compiler version '192528614'; Build Type 'Release'
OS: 'Windows 11  (10.0.22621) 64bit Professional' Language: 'pl' Physical Memory: 32620 MB
BatchMode: 1, IsHumanControllingUs: 0, StartBugReporterOnCrash: 0, Is64bit: 1, IsPro: 0

COMMAND LINE ARGUMENTS:
C:\Program Files\Unity\Hub\Editor\2020.3.25f1\Editor\Unity.exe
-adb2
-batchMode
-noUpm
-name
AssetImportWorker0
-projectPath
C:/Users/hubim/OneDrive/Pulpit/gry i programy z unity/Late Night Cruise
-logFile
Logs/AssetImportWorker0.log
-srvPort
56851
Successfully changed project path to: C:/Users/hubim/OneDrive/Pulpit/gry i programy z unity/Late Night Cruise
C:/Users/hubim/OneDrive/Pulpit/gry i programy z unity/Late Night Cruise
Using Asset Import Pipeline V2.
Refreshing native plugins compatible for Editor in 36.35 ms, found 3 plugins.
Preloading 0 native plugins for Editor in 0.00 ms.
Initialize engine version: 2020.3.25f1 (9b9180224418)
[Subsystems] Discovering subsystems at path C:/Program Files/Unity/Hub/Editor/2020.3.25f1/Editor/Data/Resources/UnitySubsystems
[Subsystems] Discovering subsystems at path C:/Users/hubim/OneDrive/Pulpit/gry i programy z unity/Late Night Cruise/Assets
GfxDevice: creating device client; threaded=0
Direct3D:
    Version:  Direct3D 11.0 [level 11.1]
    Renderer: Radeon RX Vega (ID=0x687f)
    Vendor:   
    VRAM:     8120 MB
    Driver:   31.0.12027.9001
Initialize mono
Mono path[0] = 'C:/Program Files/Unity/Hub/Editor/2020.3.25f1/Editor/Data/Managed'
Mono path[1] = 'C:/Program Files/Unity/Hub/Editor/2020.3.25f1/Editor/Data/MonoBleedingEdge/lib/mono/unityjit'
Mono config path = 'C:/Program Files/Unity/Hub/Editor/2020.3.25f1/Editor/Data/MonoBleedingEdge/etc'
Using monoOptions --debugger-agent=transport=dt_socket,embedding=1,server=y,suspend=n,address=127.0.0.1:56284
Begin MonoManager ReloadAssembly
Registering precompiled unity dll's ...
Register platform support module: C:/Program Files/Unity/Hub/Editor/2020.3.25f1/Editor/Data/PlaybackEngines/WebGLSupport/UnityEditor.WebGL.Extensions.dll
Register platform support module: C:/Program Files/Unity/Hub/Editor/2020.3.25f1/Editor/Data/PlaybackEngines/WindowsStandaloneSupport/UnityEditor.WindowsStandalone.Extensions.dll
Registered in 0.002342 seconds.
Native extension for WindowsStandalone target not found
Native extension for WebGL target not found
Refreshing native plugins compatible for Editor in 33.75 ms, found 3 plugins.
Preloading 0 native plugins for Editor in 0.00 ms.
Mono: successfully reloaded assembly
- Completed reload, in  0.433 seconds
Domain Reload Profiling:
	ReloadAssembly (433ms)
		BeginReloadAssembly (44ms)
			ExecutionOrderSort (0ms)
			DisableScriptedObjects (0ms)
			BackupInstance (0ms)
			ReleaseScriptingObjects (0ms)
			CreateAndSetChildDomain (1ms)
		EndReloadAssembly (333ms)
			LoadAssemblies (41ms)
			RebuildTransferFunctionScriptingTraits (0ms)
			SetupTypeCache (110ms)
			ReleaseScriptCaches (0ms)
			RebuildScriptCaches (23ms)
			SetupLoadedEditorAssemblies (128ms)
				LogAssemblyErrors (0ms)
				InitializePlatformSupportModulesInManaged (4ms)
				SetLoadedEditorAssemblies (0ms)
				RefreshPlugins (34ms)
				BeforeProcessingInitializeOnLoad (6ms)
				ProcessInitializeOnLoadAttributes (62ms)
				ProcessInitializeOnLoadMethodAttributes (21ms)
				AfterProcessingInitializeOnLoad (0ms)
				EditorAssembliesLoaded (0ms)
			ExecutionOrderSort2 (0ms)
			AwakeInstancesAfterBackupRestoration (0ms)
Platform modules already initialized, skipping
Registering precompiled user dll's ...
Registered in 0.005832 seconds.
Begin MonoManager ReloadAssembly
Native extension for WindowsStandalone target not found
Native extension for WebGL target not found
Refreshing native plugins compatible for Editor in 33.68 ms, found 3 plugins.
Preloading 0 native plugins for Editor in 0.00 ms.
Mono: successfully reloaded assembly
- Completed reload, in  0.833 seconds
Domain Reload Profiling:
	ReloadAssembly (834ms)
		BeginReloadAssembly (110ms)
			ExecutionOrderSort (0ms)
			DisableScriptedObjects (4ms)
			BackupInstance (0ms)
			ReleaseScriptingObjects (0ms)
			CreateAndSetChildDomain (14ms)
		EndReloadAssembly (675ms)
			LoadAssemblies (74ms)
			RebuildTransferFunctionScriptingTraits (0ms)
			SetupTypeCache (220ms)
			ReleaseScriptCaches (0ms)
			RebuildScriptCaches (35ms)
			SetupLoadedEditorAssemblies (258ms)
				LogAssemblyErrors (0ms)
				InitializePlatformSupportModulesInManaged (4ms)
				SetLoadedEditorAssemblies (0ms)
				RefreshPlugins (34ms)
				BeforeProcessingInitializeOnLoad (53ms)
				ProcessInitializeOnLoadAttributes (146ms)
				ProcessInitializeOnLoadMethodAttributes (13ms)
				AfterProcessingInitializeOnLoad (7ms)
				EditorAssembliesLoaded (0ms)
			ExecutionOrderSort2 (0ms)
			AwakeInstancesAfterBackupRestoration (5ms)
Platform modules already initialized, skipping
========================================================================
Worker process is ready to serve import requests
Launched and connected shader compiler UnityShaderCompiler.exe after 0.04 seconds
Refreshing native plugins compatible for Editor in 0.40 ms, found 3 plugins.
Preloading 0 native plugins for Editor in 0.00 ms.
Unloading 2212 Unused Serialized files (Serialized files now loaded: 0)
System memory in use before: 96.4 MB.
System memory in use after: 96.5 MB.

Unloading 28 unused Assets to reduce memory usage. Loaded Objects now: 2647.
Total: 2.215900 ms (FindLiveObjects: 0.144300 ms CreateObjectMapping: 0.071500 ms MarkObjects: 1.956200 ms  DeleteObjects: 0.043300 ms)

AssetImportParameters requested are different than current active one (requested -> active):
  custom:framework-win-MediaFoundation: 216162199b28c13a410421893ffa2e32 -> 
  custom:video-decoder-ogg-theora: a1e56fd34408186e4bbccfd4996cb3dc -> 
  custom:container-muxer-webm: aa71ff27fc2769a1b78a27578f13a17b -> 
  custom:container-demuxer-webm: 4f35f7cbe854078d1ac9338744f61a02 -> 
  custom:container-demuxer-ogg: 62fdf1f143b41e24485cea50d1cbac27 -> 
  custom:video-encoder-webm-vp8: eb34c28f22e8b96e1ab97ce403110664 -> 
  custom:video-decoder-webm-vp8: 9c59270c3fd7afecdb556c50c9e8de78 -> 
  custom:audio-decoder-ogg-vorbis: bf7c407c2cedff20999df2af8eb42d56 -> 
  custom:audio-encoder-webm-vorbis: bf7c407c2cedff20999df2af8eb42d56 -> 
========================================================================
Received Import Request.
  path: Assets/Scenes/Car1.unity
  artifactKey: Guid(2cda990e2423bbf4892e6590ba056729) Importer(815301076,1909f56bfc062723c751e8b465ee728b)
Start importing Assets/Scenes/Car1.unity using Guid(2cda990e2423bbf4892e6590ba056729) Importer(815301076,1909f56bfc062723c751e8b465ee728b)  -> (artifact id: '8f81095f90a0a5c96843201ed6c1eda5') in 0.011534 seconds 
  Import took 0.015373 seconds .

========================================================================
Received Import Request.
  Time since last request: 49.346532 seconds.
  path: Assets/Scenes/Car2.unity
  artifactKey: Guid(b47907837e7741e4ea4ddb1012816eb7) Importer(815301076,1909f56bfc062723c751e8b465ee728b)
Start importing Assets/Scenes/Car2.unity using Guid(b47907837e7741e4ea4ddb1012816eb7) Importer(815301076,1909f56bfc062723c751e8b465ee728b)  -> (artifact id: 'ad9c69f87db413e60e32e62dfdaa60d2') in 0.003871 seconds 
  Import took 0.007947 seconds .

========================================================================
Received Import Request.
  Time since last request: 3.469306 seconds.
  path: Assets/Scenes/Car3.unity
  artifactKey: Guid(6c39d1ce00bd554409b6752af9196b55) Importer(815301076,1909f56bfc062723c751e8b465ee728b)
Start importing Assets/Scenes/Car3.unity using Guid(6c39d1ce00bd554409b6752af9196b55) Importer(815301076,1909f56bfc062723c751e8b465ee728b)  -> (artifact id: 'ebcc0653f1cc1ef307412f80f0dbf1b3') in 0.003858 seconds 
  Import took 0.007819 seconds .

========================================================================
Received Import Request.
  Time since last request: 3.887651 seconds.
  path: Assets/Scenes/Car4.unity
  artifactKey: Guid(bd5e32085cfbe9a4bb4e55b205c82e56) Importer(815301076,1909f56bfc062723c751e8b465ee728b)
Start importing Assets/Scenes/Car4.unity using Guid(bd5e32085cfbe9a4bb4e55b205c82e56) Importer(815301076,1909f56bfc062723c751e8b465ee728b)  -> (artifact id: 'd5c23ae425688e3e51c3bef8243848c1') in 0.003690 seconds 
  Import took 0.007567 seconds .

========================================================================
Received Import Request.
  Time since last request: 3.715244 seconds.
  path: Assets/Scenes/CarChoosing.unity
  artifactKey: Guid(4289a1fa8f16c6f49acba75bce267d60) Importer(815301076,1909f56bfc062723c751e8b465ee728b)
Start importing Assets/Scenes/CarChoosing.unity using Guid(4289a1fa8f16c6f49acba75bce267d60) Importer(815301076,1909f56bfc062723c751e8b465ee728b)  -> (artifact id: '9026c71e3787d0951c0b00164fd68963') in 0.003607 seconds 
  Import took 0.007499 seconds .

========================================================================
Received Import Request.
  Time since last request: 5.085247 seconds.
  path: Assets/Scenes/CarChoosing.unity
  artifactKey: Guid(4289a1fa8f16c6f49acba75bce267d60) Importer(815301076,1909f56bfc062723c751e8b465ee728b)
Start importing Assets/Scenes/CarChoosing.unity using Guid(4289a1fa8f16c6f49acba75bce267d60) Importer(815301076,1909f56bfc062723c751e8b465ee728b)  -> (artifact id: 'd7216ab604ea5d82f1a0f7c1f682a459') in 0.003811 seconds 
  Import took 0.008324 seconds .

========================================================================
Received Import Request.
  Time since last request: 0.982621 seconds.
  path: Assets/Scenes/Credits.unity
  artifactKey: Guid(dc965ff1abbf344438b9a0335604b266) Importer(815301076,1909f56bfc062723c751e8b465ee728b)
Start importing Assets/Scenes/Credits.unity using Guid(dc965ff1abbf344438b9a0335604b266) Importer(815301076,1909f56bfc062723c751e8b465ee728b)  -> (artifact id: '6249d6d9d848e8232fc3a95a18579445') in 0.003643 seconds 
  Import took 0.007488 seconds .

========================================================================
Received Import Request.
  Time since last request: 2.464069 seconds.
  path: Assets/Scenes/kerosene.unity
  artifactKey: Guid(65d74be8b58e48f48ba9fc324ba796c8) Importer(815301076,1909f56bfc062723c751e8b465ee728b)
Start importing Assets/Scenes/kerosene.unity using Guid(65d74be8b58e48f48ba9fc324ba796c8) Importer(815301076,1909f56bfc062723c751e8b465ee728b)  -> (artifact id: '55feadd438f965b82ca36cfbf1ce104e') in 0.003592 seconds 
  Import took 0.007441 seconds .

========================================================================
Received Import Request.
  Time since last request: 5.456563 seconds.
  path: Assets/Scenes/kerosene.unity
  artifactKey: Guid(65d74be8b58e48f48ba9fc324ba796c8) Importer(815301076,1909f56bfc062723c751e8b465ee728b)
Start importing Assets/Scenes/kerosene.unity using Guid(65d74be8b58e48f48ba9fc324ba796c8) Importer(815301076,1909f56bfc062723c751e8b465ee728b)  -> (artifact id: 'da2cd8e8f01bd33adf3c19ed3778bd46') in 0.003405 seconds 
  Import took 0.007268 seconds .

========================================================================
Received Import Request.
  Time since last request: 0.373052 seconds.
  path: Assets/Scenes/Credits.unity
  artifactKey: Guid(dc965ff1abbf344438b9a0335604b266) Importer(815301076,1909f56bfc062723c751e8b465ee728b)
Start importing Assets/Scenes/Credits.unity using Guid(dc965ff1abbf344438b9a0335604b266) Importer(815301076,1909f56bfc062723c751e8b465ee728b)  -> (artifact id: 'aa755dfb02a4264cf812e3395c162d00') in 0.003643 seconds 
  Import took 0.007466 seconds .

========================================================================
Received Import Request.
  Time since last request: 0.871023 seconds.
  path: Assets/Scenes/Car4.unity
  artifactKey: Guid(bd5e32085cfbe9a4bb4e55b205c82e56) Importer(815301076,1909f56bfc062723c751e8b465ee728b)
Start importing Assets/Scenes/Car4.unity using Guid(bd5e32085cfbe9a4bb4e55b205c82e56) Importer(815301076,1909f56bfc062723c751e8b465ee728b)  -> (artifact id: '4098652f55208653a75f0294154e68ce') in 0.003423 seconds 
  Import took 0.007348 seconds .

